Determining if the pthread_create exist failed with the following output:
Change Dir: /home/mr_knownothing/github/network-jammer/CMakeFiles/CMakeTmp

Run Build Command:"/usr/bin/make" "cmTC_357dc/fast"
/usr/bin/make -f CMakeFiles/cmTC_357dc.dir/build.make CMakeFiles/cmTC_357dc.dir/build
make[1]: Entering directory '/home/mr_knownothing/github/network-jammer/CMakeFiles/CMakeTmp'
Building C object CMakeFiles/cmTC_357dc.dir/CheckSymbolExists.c.o
/usr/bin/cc    -o CMakeFiles/cmTC_357dc.dir/CheckSymbolExists.c.o   -c /home/mr_knownothing/github/network-jammer/CMakeFiles/CMakeTmp/CheckSymbolExists.c
Linking C executable cmTC_357dc
/opt/cmake/bin/cmake -E cmake_link_script CMakeFiles/cmTC_357dc.dir/link.txt --verbose=1
/usr/bin/cc      CMakeFiles/cmTC_357dc.dir/CheckSymbolExists.c.o  -o cmTC_357dc 
CMakeFiles/cmTC_357dc.dir/CheckSymbolExists.c.o: In function `main':
CheckSymbolExists.c:(.text+0x16): undefined reference to `pthread_create'
collect2: error: ld returned 1 exit status
CMakeFiles/cmTC_357dc.dir/build.make:86: recipe for target 'cmTC_357dc' failed
make[1]: *** [cmTC_357dc] Error 1
make[1]: Leaving directory '/home/mr_knownothing/github/network-jammer/CMakeFiles/CMakeTmp'
Makefile:126: recipe for target 'cmTC_357dc/fast' failed
make: *** [cmTC_357dc/fast] Error 2

File /home/mr_knownothing/github/network-jammer/CMakeFiles/CMakeTmp/CheckSymbolExists.c:
/* */
#include <pthread.h>

int main(int argc, char** argv)
{
  (void)argv;
#ifndef pthread_create
  return ((int*)(&pthread_create))[argc];
#else
  (void)argc;
  return 0;
#endif
}

